proguard/seeds.txt
com.itheima.mobilesafe.AntiVirusActivity
com.itheima.mobilesafe.AntiVirusActivity: AntiVirusActivity()
com.itheima.mobilesafe.AppLockActivity
com.itheima.mobilesafe.AppLockActivity: AppLockActivity()
com.itheima.mobilesafe.AppLockActivity: void onClick(android.view.View)
com.itheima.mobilesafe.AppManagerActivity
com.itheima.mobilesafe.AppManagerActivity: AppManagerActivity()
com.itheima.mobilesafe.AppManagerActivity: void onClick(android.view.View)
com.itheima.mobilesafe.AtoolsActivity
com.itheima.mobilesafe.AtoolsActivity: AtoolsActivity()
com.itheima.mobilesafe.AtoolsActivity: void numberAddressQuery(android.view.View)
com.itheima.mobilesafe.AtoolsActivity: void commonNumberQuery(android.view.View)
com.itheima.mobilesafe.AtoolsActivity: void smsBackup(android.view.View)
com.itheima.mobilesafe.AtoolsActivity: void enterApplock(android.view.View)
com.itheima.mobilesafe.BaseSetupActivity: BaseSetupActivity()
com.itheima.mobilesafe.BaseSetupActivity: void next(android.view.View)
com.itheima.mobilesafe.BaseSetupActivity: void pre(android.view.View)
com.itheima.mobilesafe.CallSmsSafeActivity
com.itheima.mobilesafe.CallSmsSafeActivity: CallSmsSafeActivity()
com.itheima.mobilesafe.CallSmsSafeActivity: void addBlackNumber(android.view.View)
com.itheima.mobilesafe.CleanActivity
com.itheima.mobilesafe.CleanActivity: CleanActivity()
com.itheima.mobilesafe.CleanCacheActivity
com.itheima.mobilesafe.CleanCacheActivity: CleanCacheActivity()
com.itheima.mobilesafe.CleanCacheActivity: void cleanAll(android.view.View)
com.itheima.mobilesafe.CleanSDActivity
com.itheima.mobilesafe.CleanSDActivity: CleanSDActivity()
com.itheima.mobilesafe.CommonNumberQueryActivity
com.itheima.mobilesafe.CommonNumberQueryActivity: CommonNumberQueryActivity()
com.itheima.mobilesafe.DragViewActivity
com.itheima.mobilesafe.DragViewActivity: DragViewActivity()
com.itheima.mobilesafe.EnterPwdActivity
com.itheima.mobilesafe.EnterPwdActivity: EnterPwdActivity()
com.itheima.mobilesafe.EnterPwdActivity: void enter(android.view.View)
com.itheima.mobilesafe.HomeActivity
com.itheima.mobilesafe.HomeActivity: HomeActivity()
com.itheima.mobilesafe.LostFindActivity
com.itheima.mobilesafe.LostFindActivity: LostFindActivity()
com.itheima.mobilesafe.LostFindActivity: void reEntrySetup(android.view.View)
com.itheima.mobilesafe.NumberAddressQueryActivity
com.itheima.mobilesafe.NumberAddressQueryActivity: NumberAddressQueryActivity()
com.itheima.mobilesafe.NumberAddressQueryActivity: void query(android.view.View)
com.itheima.mobilesafe.R$anim: int cycle_7
com.itheima.mobilesafe.R$anim: int shake
com.itheima.mobilesafe.R$anim: int tran_in
com.itheima.mobilesafe.R$anim: int tran_out
com.itheima.mobilesafe.R$anim: int tran_pre_in
com.itheima.mobilesafe.R$anim: int tran_pre_out
com.itheima.mobilesafe.R$attr: int desc_off
com.itheima.mobilesafe.R$attr: int desc_on
com.itheima.mobilesafe.R$attr: int title
com.itheima.mobilesafe.R$color: int textColorPrimary
com.itheima.mobilesafe.R$color: int textColorPrimaryDark
...
net.htmlparser.jericho.TagTypeRegister
net.htmlparser.jericho.TagTypeRegister: net.htmlparser.jericho.TagTypeRegister parent
net.htmlparser.jericho.TagTypeRegister: char ch
net.htmlparser.jericho.TagTypeRegister: net.htmlparser.jericho.TagTypeRegister[] children
net.htmlparser.jericho.TagTypeRegister: net.htmlparser.jericho.TagType[] tagTypes
net.htmlparser.jericho.TagTypeRegister: char NULL_CHAR
net.htmlparser.jericho.TagTypeRegister: net.htmlparser.jericho.TagType[] DEFAULT_TAG_TYPES
net.htmlparser.jericho.TagTypeRegister: net.htmlparser.jericho.TagTypeRegister root
net.htmlparser.jericho.TagTypeRegister: TagTypeRegister()
net.htmlparser.jericho.TagTypeRegister: void add(net.htmlparser.jericho.TagType[])
net.htmlparser.jericho.TagTypeRegister: void add(net.htmlparser.jericho.TagType)
net.htmlparser.jericho.TagTypeRegister: void remove(net.htmlparser.jericho.TagType)
net.htmlparser.jericho.TagTypeRegister: java.util.List getList()
net.htmlparser.jericho.TagTypeRegister: void addTagTypesToList(java.util.List)
net.htmlparser.jericho.TagTypeRegister: java.lang.String getDebugInfo()
net.htmlparser.jericho.TagTypeRegister: java.lang.String toString()
net.htmlparser.jericho.TagTypeRegister: java.lang.StringBuilder appendDebugInfo(java.lang.StringBuilder,int)
net.htmlparser.jericho.TagTypeRegister: net.htmlparser.jericho.TagTypeRegister getChild(char)
net.htmlparser.jericho.TagTypeRegister: void addChild(net.htmlparser.jericho.TagTypeRegister)
net.htmlparser.jericho.TagTypeRegister$ProspectiveTagTypeIterator
net.htmlparser.jericho.TagTypeRegister$ProspectiveTagTypeIterator: net.htmlparser.jericho.TagTypeRegister cursor
net.htmlparser.jericho.TagTypeRegister$ProspectiveTagTypeIterator: int tagTypeIndex
net.htmlparser.jericho.TagTypeRegister$ProspectiveTagTypeIterator: TagTypeRegister$ProspectiveTagTypeIterator(net.htmlparser.jericho.Source,int)
net.htmlparser.jericho.TagTypeRegister$ProspectiveTagTypeIterator: boolean hasNext()
net.htmlparser.jericho.TagTypeRegister$ProspectiveTagTypeIterator: net.htmlparser.jericho.TagType next()
net.htmlparser.jericho.TagTypeRegister$ProspectiveTagTypeIterator: void remove()
net.htmlparser.jericho.TagTypeRegister$ProspectiveTagTypeIterator: java.lang.Object next()
net.htmlparser.jericho.TextExtractor
net.htmlparser.jericho.TextExtractor: net.htmlparser.jericho.Segment segment
net.htmlparser.jericho.TextExtractor: boolean convertNonBreakingSpaces
net.htmlparser.jericho.TextExtractor: boolean includeAttributes
net.htmlparser.jericho.TextExtractor: boolean excludeNonHTMLElements
net.htmlparser.jericho.TextExtractor: java.util.Map map
net.htmlparser.jericho.TextExtractor: net.htmlparser.jericho.TextExtractor$AttributeIncludeChecker ALWAYS_INCLUDE
net.htmlparser.jericho.TextExtractor: net.htmlparser.jericho.TextExtractor$AttributeIncludeChecker INCLUDE_IF_NAME_ATTRIBUTE_PRESENT
net.htmlparser.jericho.TextExtractor: TextExtractor(net.htmlparser.jericho.Segment)
net.htmlparser.jericho.TextExtractor: void writeTo(java.io.Writer)
net.htmlparser.jericho.TextExtractor: void appendTo(java.lang.Appendable)
net.htmlparser.jericho.TextExtractor: long getEstimatedMaximumOutputLength()
net.htmlparser.jericho.TextExtractor: java.lang.String toString()
net.htmlparser.jericho.TextExtractor: net.htmlparser.jericho.TextExtractor setConvertNonBreakingSpaces(boolean)
net.htmlparser.jericho.TextExtractor: boolean getConvertNonBreakingSpaces()
net.htmlparser.jericho.TextExtractor: net.htmlparser.jericho.TextExtractor setIncludeAttributes(boolean)
net.htmlparser.jericho.TextExtractor: boolean getIncludeAttributes()
net.htmlparser.jericho.TextExtractor: boolean includeAttribute(net.htmlparser.jericho.StartTag,net.htmlparser.jericho.Attribute)
net.htmlparser.jericho.TextExtractor$1
net.htmlparser.jericho.TextExtractor$1: TextExtractor$1()
net.htmlparser.jericho.TextExtractor$1: boolean includeAttribute(net.htmlparser.jericho.StartTag,net.htmlparser.jericho.Attribute)