proguard/mapping.txt
com.itheima.mobilesafe.AntiVirusActivity -> com.itheima.mobilesafe.AntiVirusActivity:
    android.widget.ImageView iv_scan -> a
    android.widget.ProgressBar progressBar1 -> b
    android.widget.TextView tv_scan_status -> c
    android.widget.LinearLayout ll_container -> d
    java.util.List virusInfos -> e
    android.os.Handler handler -> f
    void onCreate(android.os.Bundle) -> onCreate
    android.widget.TextView access$0(com.itheima.mobilesafe.AntiVirusActivity) -> a
    android.widget.LinearLayout access$1(com.itheima.mobilesafe.AntiVirusActivity) -> b
    android.widget.ImageView access$2(com.itheima.mobilesafe.AntiVirusActivity) -> c
    java.util.List access$3(com.itheima.mobilesafe.AntiVirusActivity) -> d
    android.widget.ProgressBar access$4(com.itheima.mobilesafe.AntiVirusActivity) -> e
    android.os.Handler access$5(com.itheima.mobilesafe.AntiVirusActivity) -> f
com.itheima.mobilesafe.AntiVirusActivity$1 -> com.itheima.mobilesafe.a:
    com.itheima.mobilesafe.AntiVirusActivity this$0 -> a
    void handleMessage(android.os.Message) -> handleMessage
    com.itheima.mobilesafe.AntiVirusActivity access$0(com.itheima.mobilesafe.AntiVirusActivity$1) -> a
com.itheima.mobilesafe.AntiVirusActivity$1$1 -> com.itheima.mobilesafe.b:
    com.itheima.mobilesafe.AntiVirusActivity$1 this$1 -> a
    void onClick(android.content.DialogInterface,int) -> onClick
com.itheima.mobilesafe.AntiVirusActivity$2 -> com.itheima.mobilesafe.c:
    com.itheima.mobilesafe.AntiVirusActivity this$0 -> a
    void run() -> run
com.itheima.mobilesafe.AntiVirusActivity$ScanInfo -> com.itheima.mobilesafe.d:
    java.lang.String packname -> a
    boolean isvirus -> b
    java.lang.String desc -> c
    java.lang.String appname -> d
    com.itheima.mobilesafe.AntiVirusActivity this$0 -> e
com.itheima.mobilesafe.AppLockActivity -> com.itheima.mobilesafe.AppLockActivity:
    android.widget.TextView tv_unlock -> a
    android.widget.TextView tv_locked -> b
    android.widget.LinearLayout ll_unlock -> c
    android.widget.LinearLayout ll_locked -> d
    android.widget.ListView lv_unlock -> e
    android.widget.ListView lv_locked -> f
    java.util.List appInfos -> g
    android.widget.TextView tv_unlock_count -> h
    android.widget.TextView tv_locked_count -> i
    com.itheima.mobilesafe.db.dao.AppLockDao dao -> j
    java.util.List unlockAppInfos -> k
    java.util.List lockedAppInfos -> l
    com.itheima.mobilesafe.AppLockActivity$AppLockAdapter unlockadapter -> m
    com.itheima.mobilesafe.AppLockActivity$AppLockAdapter lockedadapter -> n
    void onCreate(android.os.Bundle) -> onCreate
    void onClick(android.view.View) -> onClick
    android.widget.TextView access$0(com.itheima.mobilesafe.AppLockActivity) -> a
    java.util.List access$1(com.itheima.mobilesafe.AppLockActivity) -> b
    android.widget.TextView access$2(com.itheima.mobilesafe.AppLockActivity) -> c
    java.util.List access$3(com.itheima.mobilesafe.AppLockActivity) -> d
    com.itheima.mobilesafe.db.dao.AppLockDao access$4(com.itheima.mobilesafe.AppLockActivity) -> e
    com.itheima.mobilesafe.AppLockActivity$AppLockAdapter access$5(com.itheima.mobilesafe.AppLockActivity) -> f
    com.itheima.mobilesafe.AppLockActivity$AppLockAdapter access$6(com.itheima.mobilesafe.AppLockActivity) -> g
com.itheima.mobilesafe.AppLockActivity$AppLockAdapter -> com.itheima.mobilesafe.e:
    boolean unlockflag -> b
    com.itheima.mobilesafe.AppLockActivity this$0 -> a
    int getCount() -> getCount
    android.view.View getView(int,android.view.View,android.view.ViewGroup) -> getView
    java.lang.Object getItem(int) -> getItem
    long getItemId(int) -> getItemId
    boolean access$0(com.itheima.mobilesafe.AppLockActivity$AppLockAdapter) -> a
    com.itheima.mobilesafe.AppLockActivity access$1(com.itheima.mobilesafe.AppLockActivity$AppLockAdapter) -> b
...
net.youmi.android.offers.b.b.c.a -> net.youmi.android.offers.b.b.c.a:
    net.youmi.android.offers.PointsChangeNotify a -> a
    int b -> b
    void run() -> run
net.youmi.android.offers.b.b.c.b -> net.youmi.android.offers.b.b.c.b:
    android.content.Context a -> a
    net.youmi.android.offers.b.b.c.b b -> b
    net.youmi.android.offers.b.b.c.b a(android.content.Context) -> a
    void a() -> a
net.youmi.android.offers.b.b.c.c -> net.youmi.android.offers.b.b.c.c:
    net.youmi.android.offers.b.b.c.c a -> a
    java.util.HashSet b -> b
    net.youmi.android.offers.b.b.c.c a() -> a
    void a(java.lang.String,java.lang.String) -> a
    void onPointBalanceChange(int) -> onPointBalanceChange
net.youmi.android.offers.b.b.c.d -> net.youmi.android.offers.b.b.c.d:
    java.lang.String a -> a
    java.lang.String b -> b
    java.lang.String c -> c
    net.youmi.android.offers.b.b.c.d d -> d
    android.content.Context e -> e
    net.youmi.android.offers.b.b.c.d a(android.content.Context) -> a
    int a() -> a
    boolean a(int) -> a
    boolean b(int) -> b
    boolean a(android.content.Context,int) -> a
    int b(android.content.Context) -> b
net.youmi.android.offers.b.b.c.e -> net.youmi.android.offers.b.b.c.e:
    void a(android.content.Context,net.youmi.android.offers.EarnPointsOrderInfo) -> a
    void a(android.content.Context,net.youmi.android.offers.EarnPointsOrderInfo,net.youmi.android.c.k.a) -> a
    void b(android.content.Context,net.youmi.android.offers.EarnPointsOrderInfo,net.youmi.android.c.k.a) -> b
net.youmi.android.offers.b.b.c.f -> net.youmi.android.offers.b.b.c.f:
    void a(android.content.Context,java.lang.String,int,int) -> a
    android.view.View a(android.content.Context,java.lang.String,int) -> a
net.youmi.android.offers.b.b.c.g -> net.youmi.android.offers.b.b.c.g:
    android.content.Context a -> a
    java.lang.String b -> b
    int c -> c
    int d -> d
    void run() -> run
net.youmi.android.offers.b.b.c.h -> net.youmi.android.offers.b.b.c.h:
    android.app.PendingIntent e(android.content.Context) -> e
    void a(android.content.Context) -> a
    void f(android.content.Context) -> f
    void a(android.content.Context,long) -> a
    void b(android.content.Context) -> b
    void c(android.content.Context) -> c
    void d(android.content.Context) -> d
net.youmi.android.offers.b.b.c.i -> net.youmi.android.offers.b.b.c.i:
    android.content.Context a -> a
    void run() -> run
net.youmi.android.offers.b.b.c.j -> net.youmi.android.offers.b.b.c.j:
    void a(android.content.Context) -> a
    void b(android.content.Context) -> b
    void c(android.content.Context) -> c
    long a(android.content.Context,java.lang.String) -> a
    boolean d(android.content.Context) -> d
net.youmi.android.offers.b.b.c.k -> net.youmi.android.offers.b.b.c.k:
    java.lang.String a(android.content.Context) -> a
    void a(android.content.Context,java.lang.String) -> a
net.youmi.android.offers.b.b.d.a -> net.youmi.android.offers.b.b.d.a:
    net.youmi.android.offers.b.b.d.b a -> a
    void a() -> a
    void a(android.content.Context) -> a
net.youmi.android.offers.b.b.d.b -> net.youmi.android.offers.b.b.d.b:
    net.youmi.android.a.k.a.j a -> a
    net.youmi.android.a.h.l b -> b
    int b() -> b
    void a() -> a
    boolean proxyClearWebViewHistory() -> proxyClearWebViewHistory
    boolean proxyCloseCurrentWindow() -> proxyCloseCurrentWindow
    boolean proxyLoadUrl(java.lang.String) -> proxyLoadUrl
    boolean proxyPostUrl(java.lang.String,byte[]) -> proxyPostUrl
    net.youmi.android.a.h.f js_SDK_Handler_ClearCurrentBrowserHistory() -> js_SDK_Handler_ClearCurrentBrowserHistory
    boolean js_SDK_Handler_RunOnUIThread(java.lang.Runnable) -> js_SDK_Handler_RunOnUIThread
    boolean proxySetVisibility(int) -> proxySetVisibility