proguard/usage.txt
com.itheima.mobilesafe.AntiVirusActivity:
    protected static final int SCANING
    protected static final int SCAN_FINISH
com.itheima.mobilesafe.AppManagerActivity:
    private static final java.lang.String TAG
com.itheima.mobilesafe.BuildConfig
com.itheima.mobilesafe.CallSmsSafeActivity$CallSmsSafeAdapter:
    private static final java.lang.String TAG
com.itheima.mobilesafe.CleanCacheActivity:
    protected static final int SCANING
    public static final int SHOW_CACHE_INFO
    protected static final int SCAN_FINISH
com.itheima.mobilesafe.CommonNumberQueryActivity:
    public static final java.lang.String path
com.itheima.mobilesafe.DragViewActivity:
    protected static final java.lang.String TAG
com.itheima.mobilesafe.HomeActivity:
    protected static final java.lang.String TAG
com.itheima.mobilesafe.NumberAddressQueryActivity:
    private static final java.lang.String TAG
com.itheima.mobilesafe.R
com.itheima.mobilesafe.R$anim
com.itheima.mobilesafe.R$attr
com.itheima.mobilesafe.R$color
com.itheima.mobilesafe.R$drawable
com.itheima.mobilesafe.R$id
com.itheima.mobilesafe.R$layout
com.itheima.mobilesafe.R$menu
com.itheima.mobilesafe.R$raw
com.itheima.mobilesafe.R$string
com.itheima.mobilesafe.R$style
com.itheima.mobilesafe.R$styleable
com.itheima.mobilesafe.R$xml
com.itheima.mobilesafe.SplashActivity:
    protected static final java.lang.String TAG
    protected static final int ENTER_HOME
    protected static final int SHOW_UPDATE_DIALOG
    protected static final int URL_ERROR
    protected static final int NETWORK_ERROR
    protected static final int JSON_ERROR
com.itheima.mobilesafe.db.dao.AddressDao:
    public static final java.lang.String path
    6:6:public AddressDao()
com.itheima.mobilesafe.db.dao.AntivirusDao:
    public static final java.lang.String path
    6:6:public AntivirusDao()
com.itheima.mobilesafe.db.dao.BlackNumberDao:
    56:61:public void update(java.lang.String,java.lang.String)
    69:87:public java.util.List findAll()
    135:143:public boolean find(java.lang.String)
com.itheima.mobilesafe.db.dao.CommonNumberDao:
    public static final java.lang.String path
    6:6:public CommonNumberDao()
com.itheima.mobilesafe.engine.AppInfoProvider:
    14:14:public AppInfoProvider()
com.itheima.mobilesafe.engine.TaskInfoProvider:
    19:19:public TaskInfoProvider()
com.itheima.mobilesafe.receiver.KillAllReceiver:
    private static final java.lang.String TAG
com.itheima.mobilesafe.receiver.SmsReceiver:
    private static final java.lang.String TAG
com.itheima.mobilesafe.service.AddressService$OutCallReceiver:
    private static final java.lang.String TAG
com.itheima.mobilesafe.service.AutoKillService$InnerScreenOffReceiver:
    private static final java.lang.String TAG
com.itheima.mobilesafe.service.CallSmsSafeService:
    public static final java.lang.String TAG
com.itheima.mobilesafe.service.UpdateWidgetService:
    protected static final java.lang.String TAG
com.itheima.mobilesafe.service.UpdateWidgetService$InnerScreenOffReceiver:
    private static final java.lang.String TAG
com.itheima.mobilesafe.service.UpdateWidgetService$InnerScreenOnReceiver:
    private static final java.lang.String TAG
com.itheima.mobilesafe.service.WatchDogService:
    public static final java.lang.String TAG
com.itheima.mobilesafe.test.TestAppInfoProvider
com.itheima.mobilesafe.test.TestBlackNumberDB
com.itheima.mobilesafe.utils.DensityUtil:
    5:5:public DensityUtil()
    18:19:public static int px2dip(android.content.Context,float)
com.itheima.mobilesafe.utils.Md5Utils:
    6:6:public Md5Utils()
com.itheima.mobilesafe.utils.ServiceStatusUtils:
    9:9:public ServiceStatusUtils()
com.itheima.mobilesafe.utils.SmsTools:
    14:14:public SmsTools()
com.itheima.mobilesafe.utils.StreamTools:
    7:7:public StreamTools()
com.itheima.mobilesafe.utils.SystemInfoUtils:
    19:19:public SystemInfoUtils()
...
android.support.v4.widget.SearchViewCompatHoneycomb$1
android.support.v4.widget.SearchViewCompatHoneycomb$OnQueryTextListenerCompatBridge
android.support.v4.widget.SimpleCursorAdapter
android.support.v4.widget.SimpleCursorAdapter$CursorToStringConverter
android.support.v4.widget.SimpleCursorAdapter$ViewBinder
com.android.internal.telephony.ITelephony$Stub:
    private static final java.lang.String DESCRIPTOR
    static final int TRANSACTION_dial
    static final int TRANSACTION_call
    static final int TRANSACTION_showCallScreen
    static final int TRANSACTION_showCallScreenWithDialpad
    static final int TRANSACTION_endCall
    static final int TRANSACTION_answerRingingCall
    static final int TRANSACTION_silenceRinger
    static final int TRANSACTION_isOffhook
    static final int TRANSACTION_isRinging
    static final int TRANSACTION_isIdle
    static final int TRANSACTION_isRadioOn
    static final int TRANSACTION_isSimPinEnabled
    static final int TRANSACTION_cancelMissedCallsNotification
    static final int TRANSACTION_supplyPin
    static final int TRANSACTION_handlePinMmi
    static final int TRANSACTION_toggleRadioOnOff
    static final int TRANSACTION_setRadio
    static final int TRANSACTION_updateServiceLocation
    static final int TRANSACTION_enableLocationUpdates
    static final int TRANSACTION_disableLocationUpdates
    static final int TRANSACTION_enableApnType
    static final int TRANSACTION_disableApnType
    static final int TRANSACTION_enableDataConnectivity
    static final int TRANSACTION_disableDataConnectivity
    static final int TRANSACTION_isDataConnectivityPossible
    static final int TRANSACTION_getCellLocation
    static final int TRANSACTION_getNeighboringCellInfo
    static final int TRANSACTION_getCallState
com.android.internal.telephony.ITelephony$Stub$Proxy:
    385:385:public java.lang.String getInterfaceDescriptor()
net.tsz.afinal.FinalActivity
net.tsz.afinal.FinalBitmap
net.tsz.afinal.FinalBitmap$1
net.tsz.afinal.FinalBitmap$AsyncDrawable
net.tsz.afinal.FinalBitmap$BitmapLoadAndDisplayTask
net.tsz.afinal.FinalBitmap$CacheExecutecTask
net.tsz.afinal.FinalBitmap$FinalBitmapConfig
net.tsz.afinal.FinalDb
net.tsz.afinal.FinalDb$DaoConfig
net.tsz.afinal.FinalDb$DbUpdateListener
net.tsz.afinal.FinalDb$SqliteDbHelper
net.tsz.afinal.FinalHttp:
    private static final int DEFAULT_SOCKET_BUFFER_SIZE
    private static final java.lang.String HEADER_ACCEPT_ENCODING
    private static final java.lang.String ENCODING_GZIP
    154:154:public org.apache.http.client.HttpClient getHttpClient()
    158:158:public org.apache.http.protocol.HttpContext getHttpContext()
    162:164:public void configCharset(java.lang.String)
    167:168:public void configCookieStore(org.apache.http.client.CookieStore)
    172:173:public void configUserAgent(java.lang.String)
    181:185:public void configTimeout(int)
    192:194:public void configSSLSocketFactory(org.apache.http.conn.ssl.SSLSocketFactory)
    201:202:public void configRequestExecutionRetryCount(int)
    210:211:public void addHeader(java.lang.String,java.lang.String)
    218:219:public void get(java.lang.String,net.tsz.afinal.http.AjaxCallBack)
    222:223:public void get(java.lang.String,net.tsz.afinal.http.AjaxParams,net.tsz.afinal.http.AjaxCallBack)
    226:229:public void get(java.lang.String,org.apache.http.Header[],net.tsz.afinal.http.AjaxParams,net.tsz.afinal.http.AjaxCallBack)
    232:232:public java.lang.Object getSync(java.lang.String)
    236:237:public java.lang.Object getSync(java.lang.String,net.tsz.afinal.http.AjaxParams)
    242:244:public java.lang.Object getSync(java.lang.String,org.apache.http.Header[],net.tsz.afinal.http.AjaxParams)
    250:251:public void post(java.lang.String,net.tsz.afinal.http.AjaxCallBack)
net.tsz.afinal.annotation.sqlite.Id
net.tsz.afinal.annotation.sqlite.ManyToOne
net.tsz.afinal.annotation.sqlite.OneToMany
net.tsz.afinal.annotation.sqlite.Property
net.tsz.afinal.annotation.sqlite.Table